2024-12-08 14:10:30 Анализ завершен. Найдено совпадений: 20
aliquam: 1 - aliquam
Clicks: 481 | Leads: 253 | Cost: 131.51
Profit: 663.42 | ROI: 32.97%

qui: 2 - qui
Clicks: 595 | Leads: 208 | Cost: 664.10
Profit: 517.73 | ROI: 91.63%

hic: 3 - hic
Clicks: 371 | Leads: 282 | Cost: 619.30
Profit: 523.56 | ROI: 86.90%

nihil: 4 - nihil
Clicks: 8 | Leads: 269 | Cost: 103.80
Profit: 829.19 | ROI: 57.06%

repudiandae: 5 - repudiandae
Clicks: 674 | Leads: 420 | Cost: 285.36
Profit: 760.62 | ROI: 11.65%

et: 6 - et
Clicks: 218 | Leads: 22 | Cost: 136.06
Profit: 821.14 | ROI: 33.02%

vitae: 7 - vitae
Clicks: 176 | Leads: 298 | Cost: 285.73
Profit: 773.64 | ROI: 81.22%

ratione: 8 - ratione
Clicks: 357 | Leads: 2 | Cost: 48.35
Profit: 831.29 | ROI: 39.91%

laudantium: 9 - laudantium
Clicks: 536 | Leads: 64 | Cost: 587.72
Profit: 612.98 | ROI: 50.39%

dolores: 10 - dolores
Clicks: 962 | Leads: 301 | Cost: 296.14
Profit: 925.91 | ROI: 65.16%

numquam: 11 - numquam
Clicks: 173 | Leads: 316 | Cost: 405.35
Profit: 622.01 | ROI: 65.11%

eum: 12 - eum
Clicks: 266 | Leads: 340 | Cost: 286.47
Profit: 4.44 | ROI: 97.27%

aut: 13 - aut
Clicks: 616 | Leads: 439 | Cost: 369.65
Profit: 943.84 | ROI: 89.18%

aspernatur: 14 - aspernatur
Clicks: 973 | Leads: 268 | Cost: 248.93
Profit: 516.22 | ROI: 38.25%

quisquam: 15 - quisquam
Clicks: 449 | Leads: 319 | Cost: 674.95
Profit: 262.25 | ROI: 5.40%

mollitia: 16 - mollitia
Clicks: 810 | Leads: 408 | Cost: 73.87
Profit: 471.70 | ROI: 55.92%

fuga: 17 - fuga
Clicks: 42 | Leads: 166 | Cost: 729.97
Profit: 791.19 | ROI: 27.28%

quidem: 18 - quidem
Clicks: 836 | Leads: 368 | Cost: 724.71
Profit: 59.72 | ROI: 9.49%

optio: 19 - optio
Clicks: 583 | Leads: 434 | Cost: 153.02
Profit: 225.23 | ROI: 35.93%

suscipit: 20 - suscipit
Clicks: 268 | Leads: 261 | Cost: 640.08
Profit: 234.54 | ROI: 59.54%


2024-12-08 14:16:16 Анализ завершен. Найдено совпадений: 20
aliquam: 1 - aliquam
Clicks: 481 | Leads: 253 | Cost: 131.51
Profit: 663.42 | ROI: 32.97%

qui: 2 - qui
Clicks: 595 | Leads: 208 | Cost: 664.10
Profit: 517.73 | ROI: 91.63%

hic: 3 - hic
Clicks: 371 | Leads: 282 | Cost: 619.30
Profit: 523.56 | ROI: 86.90%

nihil: 4 - nihil
Clicks: 8 | Leads: 269 | Cost: 103.80
Profit: 829.19 | ROI: 57.06%

repudiandae: 5 - repudiandae
Clicks: 674 | Leads: 420 | Cost: 285.36
Profit: 760.62 | ROI: 11.65%

et: 6 - et
Clicks: 218 | Leads: 22 | Cost: 136.06
Profit: 821.14 | ROI: 33.02%

vitae: 7 - vitae
Clicks: 176 | Leads: 298 | Cost: 285.73
Profit: 773.64 | ROI: 81.22%

ratione: 8 - ratione
Clicks: 357 | Leads: 2 | Cost: 48.35
Profit: 831.29 | ROI: 39.91%

laudantium: 9 - laudantium
Clicks: 536 | Leads: 64 | Cost: 587.72
Profit: 612.98 | ROI: 50.39%

dolores: 10 - dolores
Clicks: 962 | Leads: 301 | Cost: 296.14
Profit: 925.91 | ROI: 65.16%

numquam: 11 - numquam
Clicks: 173 | Leads: 316 | Cost: 405.35
Profit: 622.01 | ROI: 65.11%

eum: 12 - eum
Clicks: 266 | Leads: 340 | Cost: 286.47
Profit: 4.44 | ROI: 97.27%

aut: 13 - aut
Clicks: 616 | Leads: 439 | Cost: 369.65
Profit: 943.84 | ROI: 89.18%

aspernatur: 14 - aspernatur
Clicks: 973 | Leads: 268 | Cost: 248.93
Profit: 516.22 | ROI: 38.25%

quisquam: 15 - quisquam
Clicks: 449 | Leads: 319 | Cost: 674.95
Profit: 262.25 | ROI: 5.40%

mollitia: 16 - mollitia
Clicks: 810 | Leads: 408 | Cost: 73.87
Profit: 471.70 | ROI: 55.92%

fuga: 17 - fuga
Clicks: 42 | Leads: 166 | Cost: 729.97
Profit: 791.19 | ROI: 27.28%

quidem: 18 - quidem
Clicks: 836 | Leads: 368 | Cost: 724.71
Profit: 59.72 | ROI: 9.49%

optio: 19 - optio
Clicks: 583 | Leads: 434 | Cost: 153.02
Profit: 225.23 | ROI: 35.93%

suscipit: 20 - suscipit
Clicks: 268 | Leads: 261 | Cost: 640.08
Profit: 234.54 | ROI: 59.54%


2024-12-08 14:17:11 Анализ завершен. Найдено совпадений: 20
aliquam: 1 - aliquam
Clicks: 481 | Leads: 253 | Cost: 131.51
Profit: 663.42 | ROI: 32.97%

qui: 2 - qui
Clicks: 595 | Leads: 208 | Cost: 664.10
Profit: 517.73 | ROI: 91.63%

hic: 3 - hic
Clicks: 371 | Leads: 282 | Cost: 619.30
Profit: 523.56 | ROI: 86.90%

nihil: 4 - nihil
Clicks: 8 | Leads: 269 | Cost: 103.80
Profit: 829.19 | ROI: 57.06%

repudiandae: 5 - repudiandae
Clicks: 674 | Leads: 420 | Cost: 285.36
Profit: 760.62 | ROI: 11.65%

et: 6 - et
Clicks: 218 | Leads: 22 | Cost: 136.06
Profit: 821.14 | ROI: 33.02%

vitae: 7 - vitae
Clicks: 176 | Leads: 298 | Cost: 285.73
Profit: 773.64 | ROI: 81.22%

ratione: 8 - ratione
Clicks: 357 | Leads: 2 | Cost: 48.35
Profit: 831.29 | ROI: 39.91%

laudantium: 9 - laudantium
Clicks: 536 | Leads: 64 | Cost: 587.72
Profit: 612.98 | ROI: 50.39%

dolores: 10 - dolores
Clicks: 962 | Leads: 301 | Cost: 296.14
Profit: 925.91 | ROI: 65.16%

numquam: 11 - numquam
Clicks: 173 | Leads: 316 | Cost: 405.35
Profit: 622.01 | ROI: 65.11%

eum: 12 - eum
Clicks: 266 | Leads: 340 | Cost: 286.47
Profit: 4.44 | ROI: 97.27%

aut: 13 - aut
Clicks: 616 | Leads: 439 | Cost: 369.65
Profit: 943.84 | ROI: 89.18%

aspernatur: 14 - aspernatur
Clicks: 973 | Leads: 268 | Cost: 248.93
Profit: 516.22 | ROI: 38.25%

quisquam: 15 - quisquam
Clicks: 449 | Leads: 319 | Cost: 674.95
Profit: 262.25 | ROI: 5.40%

mollitia: 16 - mollitia
Clicks: 810 | Leads: 408 | Cost: 73.87
Profit: 471.70 | ROI: 55.92%

fuga: 17 - fuga
Clicks: 42 | Leads: 166 | Cost: 729.97
Profit: 791.19 | ROI: 27.28%

quidem: 18 - quidem
Clicks: 836 | Leads: 368 | Cost: 724.71
Profit: 59.72 | ROI: 9.49%

optio: 19 - optio
Clicks: 583 | Leads: 434 | Cost: 153.02
Profit: 225.23 | ROI: 35.93%

suscipit: 20 - suscipit
Clicks: 268 | Leads: 261 | Cost: 640.08
Profit: 234.54 | ROI: 59.54%


2024-12-08 14:21:37 Анализ завершен. Найдено совпадений: 20
aliquam: 1 - aliquam
Clicks: 481 | Leads: 253 | Cost: 131.51
Profit: 663.42 | ROI: 32.97%

qui: 2 - qui
Clicks: 595 | Leads: 208 | Cost: 664.10
Profit: 517.73 | ROI: 91.63%

hic: 3 - hic
Clicks: 371 | Leads: 282 | Cost: 619.30
Profit: 523.56 | ROI: 86.90%

nihil: 4 - nihil
Clicks: 8 | Leads: 269 | Cost: 103.80
Profit: 829.19 | ROI: 57.06%

repudiandae: 5 - repudiandae
Clicks: 674 | Leads: 420 | Cost: 285.36
Profit: 760.62 | ROI: 11.65%

et: 6 - et
Clicks: 218 | Leads: 22 | Cost: 136.06
Profit: 821.14 | ROI: 33.02%

vitae: 7 - vitae
Clicks: 176 | Leads: 298 | Cost: 285.73
Profit: 773.64 | ROI: 81.22%

ratione: 8 - ratione
Clicks: 357 | Leads: 2 | Cost: 48.35
Profit: 831.29 | ROI: 39.91%

laudantium: 9 - laudantium
Clicks: 536 | Leads: 64 | Cost: 587.72
Profit: 612.98 | ROI: 50.39%

dolores: 10 - dolores
Clicks: 962 | Leads: 301 | Cost: 296.14
Profit: 925.91 | ROI: 65.16%

numquam: 11 - numquam
Clicks: 173 | Leads: 316 | Cost: 405.35
Profit: 622.01 | ROI: 65.11%

eum: 12 - eum
Clicks: 266 | Leads: 340 | Cost: 286.47
Profit: 4.44 | ROI: 97.27%

aut: 13 - aut
Clicks: 616 | Leads: 439 | Cost: 369.65
Profit: 943.84 | ROI: 89.18%

aspernatur: 14 - aspernatur
Clicks: 973 | Leads: 268 | Cost: 248.93
Profit: 516.22 | ROI: 38.25%

quisquam: 15 - quisquam
Clicks: 449 | Leads: 319 | Cost: 674.95
Profit: 262.25 | ROI: 5.40%

mollitia: 16 - mollitia
Clicks: 810 | Leads: 408 | Cost: 73.87
Profit: 471.70 | ROI: 55.92%

fuga: 17 - fuga
Clicks: 42 | Leads: 166 | Cost: 729.97
Profit: 791.19 | ROI: 27.28%

quidem: 18 - quidem
Clicks: 836 | Leads: 368 | Cost: 724.71
Profit: 59.72 | ROI: 9.49%

optio: 19 - optio
Clicks: 583 | Leads: 434 | Cost: 153.02
Profit: 225.23 | ROI: 35.93%

suscipit: 20 - suscipit
Clicks: 268 | Leads: 261 | Cost: 640.08
Profit: 234.54 | ROI: 59.54%


2024-12-08 14:21:57 Анализ завершен. Найдено совпадений: 20
aliquam: 1 - aliquam
Clicks: 481 | Leads: 253 | Cost: 131.51
Profit: 663.42 | ROI: 32.97%

qui: 2 - qui
Clicks: 595 | Leads: 208 | Cost: 664.10
Profit: 517.73 | ROI: 91.63%

hic: 3 - hic
Clicks: 371 | Leads: 282 | Cost: 619.30
Profit: 523.56 | ROI: 86.90%

nihil: 4 - nihil
Clicks: 8 | Leads: 269 | Cost: 103.80
Profit: 829.19 | ROI: 57.06%

repudiandae: 5 - repudiandae
Clicks: 674 | Leads: 420 | Cost: 285.36
Profit: 760.62 | ROI: 11.65%

et: 6 - et
Clicks: 218 | Leads: 22 | Cost: 136.06
Profit: 821.14 | ROI: 33.02%

vitae: 7 - vitae
Clicks: 176 | Leads: 298 | Cost: 285.73
Profit: 773.64 | ROI: 81.22%

ratione: 8 - ratione
Clicks: 357 | Leads: 2 | Cost: 48.35
Profit: 831.29 | ROI: 39.91%

laudantium: 9 - laudantium
Clicks: 536 | Leads: 64 | Cost: 587.72
Profit: 612.98 | ROI: 50.39%

dolores: 10 - dolores
Clicks: 962 | Leads: 301 | Cost: 296.14
Profit: 925.91 | ROI: 65.16%

numquam: 11 - numquam
Clicks: 173 | Leads: 316 | Cost: 405.35
Profit: 622.01 | ROI: 65.11%

eum: 12 - eum
Clicks: 266 | Leads: 340 | Cost: 286.47
Profit: 4.44 | ROI: 97.27%

aut: 13 - aut
Clicks: 616 | Leads: 439 | Cost: 369.65
Profit: 943.84 | ROI: 89.18%

aspernatur: 14 - aspernatur
Clicks: 973 | Leads: 268 | Cost: 248.93
Profit: 516.22 | ROI: 38.25%

quisquam: 15 - quisquam
Clicks: 449 | Leads: 319 | Cost: 674.95
Profit: 262.25 | ROI: 5.40%

mollitia: 16 - mollitia
Clicks: 810 | Leads: 408 | Cost: 73.87
Profit: 471.70 | ROI: 55.92%

fuga: 17 - fuga
Clicks: 42 | Leads: 166 | Cost: 729.97
Profit: 791.19 | ROI: 27.28%

quidem: 18 - quidem
Clicks: 836 | Leads: 368 | Cost: 724.71
Profit: 59.72 | ROI: 9.49%

optio: 19 - optio
Clicks: 583 | Leads: 434 | Cost: 153.02
Profit: 225.23 | ROI: 35.93%

suscipit: 20 - suscipit
Clicks: 268 | Leads: 261 | Cost: 640.08
Profit: 234.54 | ROI: 59.54%


2024-12-08 14:23:20 Анализ завершен. Найдено совпадений: 20
aliquam: 1 - aliquam
Clicks: 481 | Leads: 253 | Cost: 131.51
Profit: 663.42 | ROI: 32.97%

qui: 2 - qui
Clicks: 595 | Leads: 208 | Cost: 664.10
Profit: 517.73 | ROI: 91.63%

hic: 3 - hic
Clicks: 371 | Leads: 282 | Cost: 619.30
Profit: 523.56 | ROI: 86.90%

nihil: 4 - nihil
Clicks: 8 | Leads: 269 | Cost: 103.80
Profit: 829.19 | ROI: 57.06%

repudiandae: 5 - repudiandae
Clicks: 674 | Leads: 420 | Cost: 285.36
Profit: 760.62 | ROI: 11.65%

et: 6 - et
Clicks: 218 | Leads: 22 | Cost: 136.06
Profit: 821.14 | ROI: 33.02%

vitae: 7 - vitae
Clicks: 176 | Leads: 298 | Cost: 285.73
Profit: 773.64 | ROI: 81.22%

ratione: 8 - ratione
Clicks: 357 | Leads: 2 | Cost: 48.35
Profit: 831.29 | ROI: 39.91%

laudantium: 9 - laudantium
Clicks: 536 | Leads: 64 | Cost: 587.72
Profit: 612.98 | ROI: 50.39%

dolores: 10 - dolores
Clicks: 962 | Leads: 301 | Cost: 296.14
Profit: 925.91 | ROI: 65.16%

numquam: 11 - numquam
Clicks: 173 | Leads: 316 | Cost: 405.35
Profit: 622.01 | ROI: 65.11%

eum: 12 - eum
Clicks: 266 | Leads: 340 | Cost: 286.47
Profit: 4.44 | ROI: 97.27%

aut: 13 - aut
Clicks: 616 | Leads: 439 | Cost: 369.65
Profit: 943.84 | ROI: 89.18%

aspernatur: 14 - aspernatur
Clicks: 973 | Leads: 268 | Cost: 248.93
Profit: 516.22 | ROI: 38.25%

quisquam: 15 - quisquam
Clicks: 449 | Leads: 319 | Cost: 674.95
Profit: 262.25 | ROI: 5.40%

mollitia: 16 - mollitia
Clicks: 810 | Leads: 408 | Cost: 73.87
Profit: 471.70 | ROI: 55.92%

fuga: 17 - fuga
Clicks: 42 | Leads: 166 | Cost: 729.97
Profit: 791.19 | ROI: 27.28%

quidem: 18 - quidem
Clicks: 836 | Leads: 368 | Cost: 724.71
Profit: 59.72 | ROI: 9.49%

optio: 19 - optio
Clicks: 583 | Leads: 434 | Cost: 153.02
Profit: 225.23 | ROI: 35.93%

suscipit: 20 - suscipit
Clicks: 268 | Leads: 261 | Cost: 640.08
Profit: 234.54 | ROI: 59.54%


2024-12-08 14:26:04 Анализ завершен. Найдено совпадений: 20
aliquam: 1 - aliquam
Clicks: 481 | Leads: 253 | Cost: 131.51
Profit: 663.42 | ROI: 32.97%

qui: 2 - qui
Clicks: 595 | Leads: 208 | Cost: 664.10
Profit: 517.73 | ROI: 91.63%

hic: 3 - hic
Clicks: 371 | Leads: 282 | Cost: 619.30
Profit: 523.56 | ROI: 86.90%

nihil: 4 - nihil
Clicks: 8 | Leads: 269 | Cost: 103.80
Profit: 829.19 | ROI: 57.06%

repudiandae: 5 - repudiandae
Clicks: 674 | Leads: 420 | Cost: 285.36
Profit: 760.62 | ROI: 11.65%

et: 6 - et
Clicks: 218 | Leads: 22 | Cost: 136.06
Profit: 821.14 | ROI: 33.02%

vitae: 7 - vitae
Clicks: 176 | Leads: 298 | Cost: 285.73
Profit: 773.64 | ROI: 81.22%

ratione: 8 - ratione
Clicks: 357 | Leads: 2 | Cost: 48.35
Profit: 831.29 | ROI: 39.91%

laudantium: 9 - laudantium
Clicks: 536 | Leads: 64 | Cost: 587.72
Profit: 612.98 | ROI: 50.39%

dolores: 10 - dolores
Clicks: 962 | Leads: 301 | Cost: 296.14
Profit: 925.91 | ROI: 65.16%

numquam: 11 - numquam
Clicks: 173 | Leads: 316 | Cost: 405.35
Profit: 622.01 | ROI: 65.11%

eum: 12 - eum
Clicks: 266 | Leads: 340 | Cost: 286.47
Profit: 4.44 | ROI: 97.27%

aut: 13 - aut
Clicks: 616 | Leads: 439 | Cost: 369.65
Profit: 943.84 | ROI: 89.18%

aspernatur: 14 - aspernatur
Clicks: 973 | Leads: 268 | Cost: 248.93
Profit: 516.22 | ROI: 38.25%

quisquam: 15 - quisquam
Clicks: 449 | Leads: 319 | Cost: 674.95
Profit: 262.25 | ROI: 5.40%

mollitia: 16 - mollitia
Clicks: 810 | Leads: 408 | Cost: 73.87
Profit: 471.70 | ROI: 55.92%

fuga: 17 - fuga
Clicks: 42 | Leads: 166 | Cost: 729.97
Profit: 791.19 | ROI: 27.28%

quidem: 18 - quidem
Clicks: 836 | Leads: 368 | Cost: 724.71
Profit: 59.72 | ROI: 9.49%

optio: 19 - optio
Clicks: 583 | Leads: 434 | Cost: 153.02
Profit: 225.23 | ROI: 35.93%

suscipit: 20 - suscipit
Clicks: 268 | Leads: 261 | Cost: 640.08
Profit: 234.54 | ROI: 59.54%


